{
"contracts/EmoToken.sol":{"l":{"9":3,"10":3,"14":0,"15":0,"19":0},"path":"/home/miao/Downloads/solidity/blockchain-assignment/contracts/EmoToken.sol","s":{"1":3,"2":3,"3":0,"4":0,"5":0},"b":{"1":[0,0]},"f":{"1":3,"2":0,"3":0},"fnMap":{"1":{"name":"constructor","line":8,"loc":{"start":{"line":8,"column":4},"end":{"line":11,"column":4}}},"2":{"name":"mint","line":13,"loc":{"start":{"line":13,"column":4},"end":{"line":16,"column":4}}},"3":{"name":"burn","line":18,"loc":{"start":{"line":18,"column":4},"end":{"line":20,"column":4}}}},"statementMap":{"1":{"start":{"line":9,"column":8},"end":{"line":9,"column":42}},"2":{"start":{"line":10,"column":8},"end":{"line":10,"column":25}},"3":{"start":{"line":14,"column":8},"end":{"line":14,"column":49}},"4":{"start":{"line":15,"column":8},"end":{"line":15,"column":24}},"5":{"start":{"line":19,"column":8},"end":{"line":19,"column":32}}},"branchMap":{"1":{"line":14,"type":"if","locations":[{"start":{"line":14,"column":8},"end":{"line":14,"column":8}},{"start":{"line":14,"column":8},"end":{"line":14,"column":8}}]}}},
"contracts/LaunchPad.sol":{"l":{"47":21,"48":9,"53":34,"54":32,"59":8,"60":8,"79":3,"80":3,"92":16,"94":13,"96":16,"97":14,"98":12,"99":12,"102":10,"103":10,"106":10,"109":8,"110":8,"113":8,"114":8,"117":8,"120":6,"123":6,"124":6,"126":6,"129":6,"130":6,"131":6,"132":6,"133":6,"134":4,"136":4,"141":16,"144":14,"145":14,"146":12,"147":8,"150":4,"151":4,"152":4,"153":4,"154":4,"157":4,"159":4,"162":4,"163":4,"166":4,"167":4,"169":4,"176":8,"177":8,"180":6,"181":6,"182":6,"183":3,"185":3,"189":6,"190":6,"191":2,"193":4,"197":6,"201":4,"203":2,"204":1,"208":1,"213":2,"220":2,"222":1,"226":1,"234":2,"237":2,"240":2,"242":2,"245":2,"248":1,"249":1,"254":1,"259":2,"260":2,"262":2,"267":1,"270":1,"273":1,"274":1,"277":1,"279":1,"285":8,"287":8,"288":8,"289":4,"291":4,"292":4,"294":4,"297":2,"298":2,"303":2,"304":2,"311":1,"312":1,"314":1,"318":1,"319":1,"321":1,"325":1,"326":1,"328":1,"332":2,"333":2,"338":1,"339":1,"340":1,"341":1,"345":1,"346":1,"347":1,"352":1,"354":1,"356":1,"358":1,"359":1,"364":1,"366":1,"368":1,"370":1,"376":9,"381":1,"382":1,"383":1,"384":1,"389":8,"390":8,"394":6,"395":6,"400":10,"401":10,"402":10,"403":10,"404":10},"path":"/home/miao/Downloads/solidity/blockchain-assignment/contracts/LaunchPad.sol","s":{"1":21,"2":34,"3":8,"4":3,"5":3,"6":16,"7":13,"8":16,"9":14,"10":12,"11":12,"12":10,"13":10,"14":10,"15":8,"16":8,"17":8,"18":8,"19":8,"20":6,"21":6,"22":6,"23":6,"24":6,"25":6,"26":6,"27":6,"28":6,"29":4,"30":4,"31":16,"32":14,"33":14,"34":12,"35":8,"36":4,"37":4,"38":4,"39":4,"40":4,"41":4,"42":4,"43":4,"44":4,"45":4,"46":4,"47":4,"48":8,"49":8,"50":6,"51":6,"52":6,"53":3,"54":3,"55":6,"56":6,"57":2,"58":4,"59":6,"60":4,"61":2,"62":1,"63":1,"64":2,"65":2,"66":2,"67":1,"68":1,"69":1,"70":2,"71":2,"72":2,"73":2,"74":2,"75":1,"76":1,"77":1,"78":2,"79":2,"80":2,"81":1,"82":1,"83":1,"84":1,"85":1,"86":1,"87":8,"88":8,"89":8,"90":4,"91":4,"92":4,"93":4,"94":2,"95":2,"96":2,"97":2,"98":2,"99":1,"100":1,"101":1,"102":1,"103":1,"104":1,"105":1,"106":1,"107":1,"108":2,"109":2,"110":1,"111":1,"112":1,"113":1,"114":1,"115":1,"116":1,"117":1,"118":1,"119":1,"120":1,"121":1,"122":1,"123":1,"124":1,"125":1,"126":9,"127":1,"128":1,"129":1,"130":1,"131":8,"132":8,"133":6,"134":6,"135":10,"136":10,"137":10,"138":10,"139":10},"b":{"1":[9,12],"2":[32,2],"3":[8,0],"4":[13,3],"5":[14,2],"6":[12,2],"7":[10,2],"8":[10,0],"9":[10,0],"10":[8,2],"11":[8,0],"12":[8,0],"13":[8,0],"14":[6,2],"15":[6,0],"16":[6,0],"17":[4,2],"18":[4,0],"19":[14,2],"20":[14,0],"21":[12,2],"22":[8,4],"23":[4,4],"24":[4,0],"25":[4,0],"26":[8,0],"27":[6,2],"28":[3,3],"29":[2,4],"30":[4,2],"31":[2,2],"32":[1,1],"33":[2,0],"34":[1,1],"35":[1,0],"36":[1,1],"37":[2,0],"38":[1,0],"39":[8,0],"40":[4,4],"41":[4,0],"42":[2,2],"43":[2,0],"44":[2,0],"45":[2,0],"46":[1,0],"47":[1,0],"48":[1,0],"49":[1,0],"50":[1,0],"51":[1,0],"52":[1,0],"53":[1,0],"54":[1,0],"55":[1,0],"56":[1,0]},"f":{"1":21,"2":34,"3":8,"4":3,"5":16,"6":16,"7":8,"8":2,"9":1,"10":8,"11":1,"12":1,"13":1,"14":2,"15":1,"16":1,"17":1,"18":1,"19":9,"20":1,"21":8,"22":6,"23":10},"fnMap":{"1":{"name":"onlyOwner","line":45,"loc":{"start":{"line":45,"column":4},"end":{"line":49,"column":4}}},"2":{"name":"isLock","line":51,"loc":{"start":{"line":51,"column":4},"end":{"line":55,"column":4}}},"3":{"name":"checkWithdrawType","line":57,"loc":{"start":{"line":57,"column":4},"end":{"line":61,"column":4}}},"4":{"name":"constructor","line":78,"loc":{"start":{"line":78,"column":4},"end":{"line":81,"column":4}}},"5":{"name":"launchMyToken","line":85,"loc":{"start":{"line":85,"column":4},"end":{"line":137,"column":4}}},"6":{"name":"buyLaunchPadToken","line":140,"loc":{"start":{"line":140,"column":4},"end":{"line":170,"column":4}}},"7":{"name":"settleLaunchPad","line":173,"loc":{"start":{"line":173,"column":4},"end":{"line":230,"column":4}}},"8":{"name":"successLaunchPad","line":232,"loc":{"start":{"line":232,"column":4},"end":{"line":263,"column":4}}},"9":{"name":"failLaunchPad","line":265,"loc":{"start":{"line":265,"column":4},"end":{"line":280,"column":4}}},"10":{"name":"withdrawCredits","line":282,"loc":{"start":{"line":282,"column":4},"end":{"line":307,"column":4}}},"11":{"name":"changeMaxNumOfDays","line":310,"loc":{"start":{"line":310,"column":4},"end":{"line":315,"column":4}}},"12":{"name":"changeMinNumOfDays","line":317,"loc":{"start":{"line":317,"column":4},"end":{"line":322,"column":4}}},"13":{"name":"changeMinimumTokens","line":324,"loc":{"start":{"line":324,"column":4},"end":{"line":329,"column":4}}},"14":{"name":"lockContract","line":331,"loc":{"start":{"line":331,"column":4},"end":{"line":334,"column":4}}},"15":{"name":"changeFee","line":336,"loc":{"start":{"line":336,"column":4},"end":{"line":342,"column":4}}},"16":{"name":"changeOwner","line":344,"loc":{"start":{"line":344,"column":4},"end":{"line":348,"column":4}}},"17":{"name":"removeLaunchPad","line":351,"loc":{"start":{"line":351,"column":4},"end":{"line":360,"column":4}}},"18":{"name":"retrieveAdditionalTokens","line":363,"loc":{"start":{"line":363,"column":4},"end":{"line":371,"column":4}}},"19":{"name":"retrievePriceForToken","line":373,"loc":{"start":{"line":373,"column":4},"end":{"line":377,"column":4}}},"20":{"name":"getMaxBuyValueForToken","line":380,"loc":{"start":{"line":380,"column":4},"end":{"line":385,"column":4}}},"21":{"name":"calculateFee","line":388,"loc":{"start":{"line":388,"column":4},"end":{"line":391,"column":4}}},"22":{"name":"calculateAcceptanceRate","line":393,"loc":{"start":{"line":393,"column":4},"end":{"line":396,"column":4}}},"23":{"name":"estimateProtocolFee","line":398,"loc":{"start":{"line":398,"column":5},"end":{"line":405,"column":4}}}},"statementMap":{"1":{"start":{"line":47,"column":8},"end":{"line":47,"column":61}},"2":{"start":{"line":53,"column":8},"end":{"line":53,"column":56}},"3":{"start":{"line":59,"column":8},"end":{"line":59,"column":84}},"4":{"start":{"line":79,"column":8},"end":{"line":79,"column":25}},"5":{"start":{"line":80,"column":8},"end":{"line":80,"column":27}},"6":{"start":{"line":92,"column":8},"end":{"line":92,"column":3510}},"7":{"start":{"line":94,"column":12},"end":{"line":94,"column":39}},"8":{"start":{"line":96,"column":8},"end":{"line":96,"column":58}},"9":{"start":{"line":97,"column":8},"end":{"line":97,"column":75}},"10":{"start":{"line":98,"column":8},"end":{"line":98,"column":68}},"11":{"start":{"line":99,"column":8},"end":{"line":99,"column":77}},"12":{"start":{"line":102,"column":8},"end":{"line":102,"column":72}},"13":{"start":{"line":103,"column":8},"end":{"line":103,"column":79}},"14":{"start":{"line":106,"column":8},"end":{"line":106,"column":76}},"15":{"start":{"line":109,"column":8},"end":{"line":109,"column":53}},"16":{"start":{"line":110,"column":8},"end":{"line":110,"column":64}},"17":{"start":{"line":113,"column":8},"end":{"line":113,"column":60}},"18":{"start":{"line":114,"column":8},"end":{"line":114,"column":80}},"19":{"start":{"line":117,"column":8},"end":{"line":117,"column":92}},"20":{"start":{"line":120,"column":8},"end":{"line":120,"column":91}},"21":{"start":{"line":123,"column":8},"end":{"line":123,"column":27}},"22":{"start":{"line":124,"column":8},"end":{"line":124,"column":54}},"23":{"start":{"line":126,"column":8},"end":{"line":126,"column":205}},"24":{"start":{"line":129,"column":8},"end":{"line":129,"column":48}},"25":{"start":{"line":130,"column":8},"end":{"line":130,"column":81}},"26":{"start":{"line":131,"column":8},"end":{"line":131,"column":62}},"27":{"start":{"line":132,"column":8},"end":{"line":132,"column":84}},"28":{"start":{"line":133,"column":8},"end":{"line":133,"column":105}},"29":{"start":{"line":134,"column":8},"end":{"line":134,"column":100}},"30":{"start":{"line":136,"column":8},"end":{"line":136,"column":115}},"31":{"start":{"line":141,"column":8},"end":{"line":141,"column":102}},"32":{"start":{"line":144,"column":8},"end":{"line":144,"column":70}},"33":{"start":{"line":145,"column":8},"end":{"line":145,"column":95}},"34":{"start":{"line":146,"column":8},"end":{"line":146,"column":92}},"35":{"start":{"line":147,"column":8},"end":{"line":147,"column":74}},"36":{"start":{"line":150,"column":8},"end":{"line":150,"column":76}},"37":{"start":{"line":151,"column":8},"end":{"line":151,"column":60}},"38":{"start":{"line":152,"column":8},"end":{"line":152,"column":81}},"39":{"start":{"line":153,"column":8},"end":{"line":153,"column":61}},"40":{"start":{"line":154,"column":8},"end":{"line":154,"column":51}},"41":{"start":{"line":157,"column":8},"end":{"line":157,"column":96}},"42":{"start":{"line":159,"column":8},"end":{"line":159,"column":96}},"43":{"start":{"line":162,"column":8},"end":{"line":162,"column":56}},"44":{"start":{"line":163,"column":8},"end":{"line":163,"column":48}},"45":{"start":{"line":166,"column":8},"end":{"line":166,"column":57}},"46":{"start":{"line":167,"column":8},"end":{"line":167,"column":46}},"47":{"start":{"line":169,"column":8},"end":{"line":169,"column":111}},"48":{"start":{"line":176,"column":8},"end":{"line":176,"column":70}},"49":{"start":{"line":177,"column":8},"end":{"line":177,"column":89}},"50":{"start":{"line":180,"column":8},"end":{"line":180,"column":30}},"51":{"start":{"line":181,"column":8},"end":{"line":181,"column":114}},"52":{"start":{"line":182,"column":8},"end":{"line":182,"column":8071}},"53":{"start":{"line":183,"column":12},"end":{"line":183,"column":35}},"54":{"start":{"line":185,"column":12},"end":{"line":185,"column":36}},"55":{"start":{"line":189,"column":8},"end":{"line":189,"column":27}},"56":{"start":{"line":190,"column":8},"end":{"line":190,"column":8301}},"57":{"start":{"line":191,"column":12},"end":{"line":191,"column":32}},"58":{"start":{"line":193,"column":12},"end":{"line":193,"column":33}},"59":{"start":{"line":197,"column":8},"end":{"line":197,"column":8508}},"60":{"start":{"line":201,"column":12},"end":{"line":201,"column":8794}},"61":{"start":{"line":203,"column":16},"end":{"line":203,"column":8947}},"62":{"start":{"line":204,"column":20},"end":{"line":204,"column":49}},"63":{"start":{"line":208,"column":20},"end":{"line":208,"column":58}},"64":{"start":{"line":213,"column":16},"end":{"line":213,"column":52}},"65":{"start":{"line":216,"column":15},"end":{"line":216,"column":9416}},"66":{"start":{"line":220,"column":12},"end":{"line":220,"column":9549}},"67":{"start":{"line":222,"column":16},"end":{"line":222,"column":45}},"68":{"start":{"line":224,"column":19},"end":{"line":224,"column":9682}},"69":{"start":{"line":226,"column":16},"end":{"line":226,"column":42}},"70":{"start":{"line":234,"column":8},"end":{"line":234,"column":43}},"71":{"start":{"line":237,"column":8},"end":{"line":237,"column":46}},"72":{"start":{"line":240,"column":8},"end":{"line":240,"column":74}},"73":{"start":{"line":242,"column":8},"end":{"line":242,"column":19}},"74":{"start":{"line":245,"column":8},"end":{"line":245,"column":10212}},"75":{"start":{"line":248,"column":12},"end":{"line":248,"column":118}},"76":{"start":{"line":249,"column":12},"end":{"line":249,"column":45}},"77":{"start":{"line":254,"column":13},"end":{"line":254,"column":81}},"78":{"start":{"line":259,"column":8},"end":{"line":259,"column":79}},"79":{"start":{"line":260,"column":8},"end":{"line":260,"column":42}},"80":{"start":{"line":262,"column":8},"end":{"line":262,"column":37}},"81":{"start":{"line":267,"column":8},"end":{"line":267,"column":43}},"82":{"start":{"line":270,"column":8},"end":{"line":270,"column":46}},"83":{"start":{"line":273,"column":8},"end":{"line":273,"column":72}},"84":{"start":{"line":274,"column":8},"end":{"line":274,"column":69}},"85":{"start":{"line":277,"column":8},"end":{"line":277,"column":109}},"86":{"start":{"line":279,"column":8},"end":{"line":279,"column":36}},"87":{"start":{"line":285,"column":8},"end":{"line":285,"column":53}},"88":{"start":{"line":287,"column":8},"end":{"line":287,"column":70}},"89":{"start":{"line":288,"column":8},"end":{"line":288,"column":50}},"90":{"start":{"line":289,"column":8},"end":{"line":289,"column":81}},"91":{"start":{"line":291,"column":8},"end":{"line":291,"column":42}},"92":{"start":{"line":292,"column":8},"end":{"line":292,"column":42}},"93":{"start":{"line":294,"column":8},"end":{"line":294,"column":12080}},"94":{"start":{"line":297,"column":12},"end":{"line":297,"column":88}},"95":{"start":{"line":298,"column":12},"end":{"line":298,"column":48}},"96":{"start":{"line":300,"column":15},"end":{"line":300,"column":12317}},"97":{"start":{"line":303,"column":12},"end":{"line":303,"column":76}},"98":{"start":{"line":304,"column":12},"end":{"line":304,"column":84}},"99":{"start":{"line":311,"column":8},"end":{"line":311,"column":101}},"100":{"start":{"line":312,"column":8},"end":{"line":312,"column":35}},"101":{"start":{"line":314,"column":8},"end":{"line":314,"column":43}},"102":{"start":{"line":318,"column":8},"end":{"line":318,"column":100}},"103":{"start":{"line":319,"column":8},"end":{"line":319,"column":35}},"104":{"start":{"line":321,"column":8},"end":{"line":321,"column":43}},"105":{"start":{"line":325,"column":8},"end":{"line":325,"column":53}},"106":{"start":{"line":326,"column":8},"end":{"line":326,"column":37}},"107":{"start":{"line":328,"column":8},"end":{"line":328,"column":40}},"108":{"start":{"line":332,"column":8},"end":{"line":332,"column":27}},"109":{"start":{"line":333,"column":8},"end":{"line":333,"column":28}},"110":{"start":{"line":338,"column":8},"end":{"line":338,"column":54}},"111":{"start":{"line":339,"column":8},"end":{"line":339,"column":57}},"112":{"start":{"line":340,"column":8},"end":{"line":340,"column":17}},"113":{"start":{"line":341,"column":8},"end":{"line":341,"column":31}},"114":{"start":{"line":345,"column":8},"end":{"line":345,"column":69}},"115":{"start":{"line":346,"column":8},"end":{"line":346,"column":24}},"116":{"start":{"line":347,"column":8},"end":{"line":347,"column":38}},"117":{"start":{"line":352,"column":8},"end":{"line":352,"column":66}},"118":{"start":{"line":354,"column":8},"end":{"line":354,"column":47}},"119":{"start":{"line":356,"column":8},"end":{"line":356,"column":43}},"120":{"start":{"line":358,"column":8},"end":{"line":358,"column":46}},"121":{"start":{"line":359,"column":8},"end":{"line":359,"column":43}},"122":{"start":{"line":364,"column":8},"end":{"line":364,"column":72}},"123":{"start":{"line":366,"column":8},"end":{"line":366,"column":72}},"124":{"start":{"line":368,"column":8},"end":{"line":368,"column":82}},"125":{"start":{"line":370,"column":8},"end":{"line":370,"column":113}},"126":{"start":{"line":376,"column":8},"end":{"line":376,"column":63}},"127":{"start":{"line":381,"column":8},"end":{"line":381,"column":62}},"128":{"start":{"line":382,"column":8},"end":{"line":382,"column":57}},"129":{"start":{"line":383,"column":8},"end":{"line":383,"column":77}},"130":{"start":{"line":384,"column":8},"end":{"line":384,"column":41}},"131":{"start":{"line":389,"column":8},"end":{"line":389,"column":50}},"132":{"start":{"line":390,"column":8},"end":{"line":390,"column":34}},"133":{"start":{"line":394,"column":8},"end":{"line":394,"column":61}},"134":{"start":{"line":395,"column":8},"end":{"line":395,"column":24}},"135":{"start":{"line":400,"column":8},"end":{"line":400,"column":41}},"136":{"start":{"line":401,"column":8},"end":{"line":401,"column":32}},"137":{"start":{"line":402,"column":8},"end":{"line":402,"column":74}},"138":{"start":{"line":403,"column":8},"end":{"line":403,"column":49}},"139":{"start":{"line":404,"column":8},"end":{"line":404,"column":24}}},"branchMap":{"1":{"line":47,"type":"if","locations":[{"start":{"line":47,"column":8},"end":{"line":47,"column":8}},{"start":{"line":47,"column":8},"end":{"line":47,"column":8}}]},"2":{"line":53,"type":"if","locations":[{"start":{"line":53,"column":8},"end":{"line":53,"column":8}},{"start":{"line":53,"column":8},"end":{"line":53,"column":8}}]},"3":{"line":59,"type":"if","locations":[{"start":{"line":59,"column":8},"end":{"line":59,"column":8}},{"start":{"line":59,"column":8},"end":{"line":59,"column":8}}]},"4":{"line":92,"type":"if","locations":[{"start":{"line":92,"column":8},"end":{"line":92,"column":8}},{"start":{"line":92,"column":8},"end":{"line":92,"column":8}}]},"5":{"line":96,"type":"if","locations":[{"start":{"line":96,"column":8},"end":{"line":96,"column":8}},{"start":{"line":96,"column":8},"end":{"line":96,"column":8}}]},"6":{"line":97,"type":"if","locations":[{"start":{"line":97,"column":8},"end":{"line":97,"column":8}},{"start":{"line":97,"column":8},"end":{"line":97,"column":8}}]},"7":{"line":99,"type":"if","locations":[{"start":{"line":99,"column":8},"end":{"line":99,"column":8}},{"start":{"line":99,"column":8},"end":{"line":99,"column":8}}]},"8":{"line":102,"type":"if","locations":[{"start":{"line":102,"column":8},"end":{"line":102,"column":8}},{"start":{"line":102,"column":8},"end":{"line":102,"column":8}}]},"9":{"line":103,"type":"if","locations":[{"start":{"line":103,"column":8},"end":{"line":103,"column":8}},{"start":{"line":103,"column":8},"end":{"line":103,"column":8}}]},"10":{"line":106,"type":"if","locations":[{"start":{"line":106,"column":8},"end":{"line":106,"column":8}},{"start":{"line":106,"column":8},"end":{"line":106,"column":8}}]},"11":{"line":110,"type":"if","locations":[{"start":{"line":110,"column":8},"end":{"line":110,"column":8}},{"start":{"line":110,"column":8},"end":{"line":110,"column":8}}]},"12":{"line":113,"type":"if","locations":[{"start":{"line":113,"column":8},"end":{"line":113,"column":8}},{"start":{"line":113,"column":8},"end":{"line":113,"column":8}}]},"13":{"line":114,"type":"if","locations":[{"start":{"line":114,"column":8},"end":{"line":114,"column":8}},{"start":{"line":114,"column":8},"end":{"line":114,"column":8}}]},"14":{"line":117,"type":"if","locations":[{"start":{"line":117,"column":8},"end":{"line":117,"column":8}},{"start":{"line":117,"column":8},"end":{"line":117,"column":8}}]},"15":{"line":130,"type":"if","locations":[{"start":{"line":130,"column":8},"end":{"line":130,"column":8}},{"start":{"line":130,"column":8},"end":{"line":130,"column":8}}]},"16":{"line":132,"type":"if","locations":[{"start":{"line":132,"column":8},"end":{"line":132,"column":8}},{"start":{"line":132,"column":8},"end":{"line":132,"column":8}}]},"17":{"line":133,"type":"if","locations":[{"start":{"line":133,"column":8},"end":{"line":133,"column":8}},{"start":{"line":133,"column":8},"end":{"line":133,"column":8}}]},"18":{"line":134,"type":"if","locations":[{"start":{"line":134,"column":8},"end":{"line":134,"column":8}},{"start":{"line":134,"column":8},"end":{"line":134,"column":8}}]},"19":{"line":141,"type":"if","locations":[{"start":{"line":141,"column":8},"end":{"line":141,"column":8}},{"start":{"line":141,"column":8},"end":{"line":141,"column":8}}]},"20":{"line":144,"type":"if","locations":[{"start":{"line":144,"column":8},"end":{"line":144,"column":8}},{"start":{"line":144,"column":8},"end":{"line":144,"column":8}}]},"21":{"line":145,"type":"if","locations":[{"start":{"line":145,"column":8},"end":{"line":145,"column":8}},{"start":{"line":145,"column":8},"end":{"line":145,"column":8}}]},"22":{"line":146,"type":"if","locations":[{"start":{"line":146,"column":8},"end":{"line":146,"column":8}},{"start":{"line":146,"column":8},"end":{"line":146,"column":8}}]},"23":{"line":147,"type":"if","locations":[{"start":{"line":147,"column":8},"end":{"line":147,"column":8}},{"start":{"line":147,"column":8},"end":{"line":147,"column":8}}]},"24":{"line":152,"type":"if","locations":[{"start":{"line":152,"column":8},"end":{"line":152,"column":8}},{"start":{"line":152,"column":8},"end":{"line":152,"column":8}}]},"25":{"line":157,"type":"if","locations":[{"start":{"line":157,"column":8},"end":{"line":157,"column":8}},{"start":{"line":157,"column":8},"end":{"line":157,"column":8}}]},"26":{"line":176,"type":"if","locations":[{"start":{"line":176,"column":8},"end":{"line":176,"column":8}},{"start":{"line":176,"column":8},"end":{"line":176,"column":8}}]},"27":{"line":177,"type":"if","locations":[{"start":{"line":177,"column":8},"end":{"line":177,"column":8}},{"start":{"line":177,"column":8},"end":{"line":177,"column":8}}]},"28":{"line":182,"type":"if","locations":[{"start":{"line":182,"column":8},"end":{"line":182,"column":8}},{"start":{"line":182,"column":8},"end":{"line":182,"column":8}}]},"29":{"line":190,"type":"if","locations":[{"start":{"line":190,"column":8},"end":{"line":190,"column":8}},{"start":{"line":190,"column":8},"end":{"line":190,"column":8}}]},"30":{"line":197,"type":"if","locations":[{"start":{"line":197,"column":8},"end":{"line":197,"column":8}},{"start":{"line":197,"column":8},"end":{"line":197,"column":8}}]},"31":{"line":201,"type":"if","locations":[{"start":{"line":201,"column":12},"end":{"line":201,"column":12}},{"start":{"line":201,"column":12},"end":{"line":201,"column":12}}]},"32":{"line":203,"type":"if","locations":[{"start":{"line":203,"column":16},"end":{"line":203,"column":16}},{"start":{"line":203,"column":16},"end":{"line":203,"column":16}}]},"33":{"line":216,"type":"if","locations":[{"start":{"line":216,"column":15},"end":{"line":216,"column":15}},{"start":{"line":216,"column":15},"end":{"line":216,"column":15}}]},"34":{"line":220,"type":"if","locations":[{"start":{"line":220,"column":12},"end":{"line":220,"column":12}},{"start":{"line":220,"column":12},"end":{"line":220,"column":12}}]},"35":{"line":224,"type":"if","locations":[{"start":{"line":224,"column":19},"end":{"line":224,"column":19}},{"start":{"line":224,"column":19},"end":{"line":224,"column":19}}]},"36":{"line":245,"type":"if","locations":[{"start":{"line":245,"column":8},"end":{"line":245,"column":8}},{"start":{"line":245,"column":8},"end":{"line":245,"column":8}}]},"37":{"line":260,"type":"if","locations":[{"start":{"line":260,"column":8},"end":{"line":260,"column":8}},{"start":{"line":260,"column":8},"end":{"line":260,"column":8}}]},"38":{"line":277,"type":"if","locations":[{"start":{"line":277,"column":8},"end":{"line":277,"column":8}},{"start":{"line":277,"column":8},"end":{"line":277,"column":8}}]},"39":{"line":287,"type":"if","locations":[{"start":{"line":287,"column":8},"end":{"line":287,"column":8}},{"start":{"line":287,"column":8},"end":{"line":287,"column":8}}]},"40":{"line":288,"type":"if","locations":[{"start":{"line":288,"column":8},"end":{"line":288,"column":8}},{"start":{"line":288,"column":8},"end":{"line":288,"column":8}}]},"41":{"line":289,"type":"if","locations":[{"start":{"line":289,"column":8},"end":{"line":289,"column":8}},{"start":{"line":289,"column":8},"end":{"line":289,"column":8}}]},"42":{"line":294,"type":"if","locations":[{"start":{"line":294,"column":8},"end":{"line":294,"column":8}},{"start":{"line":294,"column":8},"end":{"line":294,"column":8}}]},"43":{"line":298,"type":"if","locations":[{"start":{"line":298,"column":12},"end":{"line":298,"column":12}},{"start":{"line":298,"column":12},"end":{"line":298,"column":12}}]},"44":{"line":300,"type":"if","locations":[{"start":{"line":300,"column":15},"end":{"line":300,"column":15}},{"start":{"line":300,"column":15},"end":{"line":300,"column":15}}]},"45":{"line":304,"type":"if","locations":[{"start":{"line":304,"column":12},"end":{"line":304,"column":12}},{"start":{"line":304,"column":12},"end":{"line":304,"column":12}}]},"46":{"line":311,"type":"if","locations":[{"start":{"line":311,"column":8},"end":{"line":311,"column":8}},{"start":{"line":311,"column":8},"end":{"line":311,"column":8}}]},"47":{"line":318,"type":"if","locations":[{"start":{"line":318,"column":8},"end":{"line":318,"column":8}},{"start":{"line":318,"column":8},"end":{"line":318,"column":8}}]},"48":{"line":325,"type":"if","locations":[{"start":{"line":325,"column":8},"end":{"line":325,"column":8}},{"start":{"line":325,"column":8},"end":{"line":325,"column":8}}]},"49":{"line":338,"type":"if","locations":[{"start":{"line":338,"column":8},"end":{"line":338,"column":8}},{"start":{"line":338,"column":8},"end":{"line":338,"column":8}}]},"50":{"line":339,"type":"if","locations":[{"start":{"line":339,"column":8},"end":{"line":339,"column":8}},{"start":{"line":339,"column":8},"end":{"line":339,"column":8}}]},"51":{"line":345,"type":"if","locations":[{"start":{"line":345,"column":8},"end":{"line":345,"column":8}},{"start":{"line":345,"column":8},"end":{"line":345,"column":8}}]},"52":{"line":352,"type":"if","locations":[{"start":{"line":352,"column":8},"end":{"line":352,"column":8}},{"start":{"line":352,"column":8},"end":{"line":352,"column":8}}]},"53":{"line":364,"type":"if","locations":[{"start":{"line":364,"column":8},"end":{"line":364,"column":8}},{"start":{"line":364,"column":8},"end":{"line":364,"column":8}}]},"54":{"line":368,"type":"if","locations":[{"start":{"line":368,"column":8},"end":{"line":368,"column":8}},{"start":{"line":368,"column":8},"end":{"line":368,"column":8}}]},"55":{"line":370,"type":"if","locations":[{"start":{"line":370,"column":8},"end":{"line":370,"column":8}},{"start":{"line":370,"column":8},"end":{"line":370,"column":8}}]},"56":{"line":382,"type":"if","locations":[{"start":{"line":382,"column":8},"end":{"line":382,"column":8}},{"start":{"line":382,"column":8},"end":{"line":382,"column":8}}]}}},
"contracts/MyToken.sol":{"l":{"9":3,"10":3,"14":0,"15":0,"19":0},"path":"/home/miao/Downloads/solidity/blockchain-assignment/contracts/MyToken.sol","s":{"1":3,"2":3,"3":0,"4":0,"5":0},"b":{"1":[0,0]},"f":{"1":3,"2":0,"3":0},"fnMap":{"1":{"name":"constructor","line":8,"loc":{"start":{"line":8,"column":4},"end":{"line":11,"column":4}}},"2":{"name":"mint","line":13,"loc":{"start":{"line":13,"column":4},"end":{"line":16,"column":4}}},"3":{"name":"burn","line":18,"loc":{"start":{"line":18,"column":4},"end":{"line":20,"column":4}}}},"statementMap":{"1":{"start":{"line":9,"column":8},"end":{"line":9,"column":42}},"2":{"start":{"line":10,"column":8},"end":{"line":10,"column":25}},"3":{"start":{"line":14,"column":8},"end":{"line":14,"column":49}},"4":{"start":{"line":15,"column":8},"end":{"line":15,"column":24}},"5":{"start":{"line":19,"column":8},"end":{"line":19,"column":32}}},"branchMap":{"1":{"line":14,"type":"if","locations":[{"start":{"line":14,"column":8},"end":{"line":14,"column":8}},{"start":{"line":14,"column":8},"end":{"line":14,"column":8}}]}}}}
