TN:
SF:/home/miao/Downloads/solidity/blockchain-assignment/contracts/EmoToken.sol
FN:8,constructor
FN:13,mint
FN:18,burn
FNF:3
FNH:1
FNDA:3,constructor
FNDA:0,mint
FNDA:0,burn
DA:9,3
DA:10,3
DA:14,0
DA:15,0
DA:19,0
LF:5
LH:2
BRDA:14,1,0,0
BRDA:14,1,1,0
BRF:2
BRH:0
end_of_record
TN:
SF:/home/miao/Downloads/solidity/blockchain-assignment/contracts/LaunchPad.sol
FN:45,onlyOwner
FN:51,isLock
FN:57,checkWithdrawType
FN:78,constructor
FN:85,launchMyToken
FN:140,buyLaunchPadToken
FN:173,settleLaunchPad
FN:232,successLaunchPad
FN:265,failLaunchPad
FN:282,withdrawCredits
FN:310,changeMaxNumOfDays
FN:317,changeMinNumOfDays
FN:324,changeMinimumTokens
FN:331,lockContract
FN:336,changeFee
FN:344,changeOwner
FN:351,removeLaunchPad
FN:363,retrieveAdditionalTokens
FN:373,retrievePriceForToken
FN:380,getMaxBuyValueForToken
FN:388,calculateFee
FN:393,calculateAcceptanceRate
FN:398,estimateProtocolFee
FNF:23
FNH:23
FNDA:21,onlyOwner
FNDA:34,isLock
FNDA:8,checkWithdrawType
FNDA:3,constructor
FNDA:16,launchMyToken
FNDA:16,buyLaunchPadToken
FNDA:8,settleLaunchPad
FNDA:2,successLaunchPad
FNDA:1,failLaunchPad
FNDA:8,withdrawCredits
FNDA:1,changeMaxNumOfDays
FNDA:1,changeMinNumOfDays
FNDA:1,changeMinimumTokens
FNDA:2,lockContract
FNDA:1,changeFee
FNDA:1,changeOwner
FNDA:1,removeLaunchPad
FNDA:1,retrieveAdditionalTokens
FNDA:9,retrievePriceForToken
FNDA:1,getMaxBuyValueForToken
FNDA:8,calculateFee
FNDA:6,calculateAcceptanceRate
FNDA:10,estimateProtocolFee
DA:47,21
DA:48,9
DA:53,34
DA:54,32
DA:59,8
DA:60,8
DA:79,3
DA:80,3
DA:92,16
DA:94,13
DA:96,16
DA:97,14
DA:98,12
DA:99,12
DA:102,10
DA:103,10
DA:106,10
DA:109,8
DA:110,8
DA:113,8
DA:114,8
DA:117,8
DA:120,6
DA:123,6
DA:124,6
DA:126,6
DA:129,6
DA:130,6
DA:131,6
DA:132,6
DA:133,6
DA:134,4
DA:136,4
DA:141,16
DA:144,14
DA:145,14
DA:146,12
DA:147,8
DA:150,4
DA:151,4
DA:152,4
DA:153,4
DA:154,4
DA:157,4
DA:159,4
DA:162,4
DA:163,4
DA:166,4
DA:167,4
DA:169,4
DA:176,8
DA:177,8
DA:180,6
DA:181,6
DA:182,6
DA:183,3
DA:185,3
DA:189,6
DA:190,6
DA:191,2
DA:193,4
DA:197,6
DA:201,4
DA:203,2
DA:204,1
DA:208,1
DA:213,2
DA:220,2
DA:222,1
DA:226,1
DA:234,2
DA:237,2
DA:240,2
DA:242,2
DA:245,2
DA:248,1
DA:249,1
DA:254,1
DA:259,2
DA:260,2
DA:262,2
DA:267,1
DA:270,1
DA:273,1
DA:274,1
DA:277,1
DA:279,1
DA:285,8
DA:287,8
DA:288,8
DA:289,4
DA:291,4
DA:292,4
DA:294,4
DA:297,2
DA:298,2
DA:303,2
DA:304,2
DA:311,1
DA:312,1
DA:314,1
DA:318,1
DA:319,1
DA:321,1
DA:325,1
DA:326,1
DA:328,1
DA:332,2
DA:333,2
DA:338,1
DA:339,1
DA:340,1
DA:341,1
DA:345,1
DA:346,1
DA:347,1
DA:352,1
DA:354,1
DA:356,1
DA:358,1
DA:359,1
DA:364,1
DA:366,1
DA:368,1
DA:370,1
DA:376,9
DA:381,1
DA:382,1
DA:383,1
DA:384,1
DA:389,8
DA:390,8
DA:394,6
DA:395,6
DA:400,10
DA:401,10
DA:402,10
DA:403,10
DA:404,10
LF:139
LH:139
BRDA:47,1,0,9
BRDA:47,1,1,12
BRDA:53,2,0,32
BRDA:53,2,1,2
BRDA:59,3,0,8
BRDA:59,3,1,0
BRDA:92,4,0,13
BRDA:92,4,1,3
BRDA:96,5,0,14
BRDA:96,5,1,2
BRDA:97,6,0,12
BRDA:97,6,1,2
BRDA:99,7,0,10
BRDA:99,7,1,2
BRDA:102,8,0,10
BRDA:102,8,1,0
BRDA:103,9,0,10
BRDA:103,9,1,0
BRDA:106,10,0,8
BRDA:106,10,1,2
BRDA:110,11,0,8
BRDA:110,11,1,0
BRDA:113,12,0,8
BRDA:113,12,1,0
BRDA:114,13,0,8
BRDA:114,13,1,0
BRDA:117,14,0,6
BRDA:117,14,1,2
BRDA:130,15,0,6
BRDA:130,15,1,0
BRDA:132,16,0,6
BRDA:132,16,1,0
BRDA:133,17,0,4
BRDA:133,17,1,2
BRDA:134,18,0,4
BRDA:134,18,1,0
BRDA:141,19,0,14
BRDA:141,19,1,2
BRDA:144,20,0,14
BRDA:144,20,1,0
BRDA:145,21,0,12
BRDA:145,21,1,2
BRDA:146,22,0,8
BRDA:146,22,1,4
BRDA:147,23,0,4
BRDA:147,23,1,4
BRDA:152,24,0,4
BRDA:152,24,1,0
BRDA:157,25,0,4
BRDA:157,25,1,0
BRDA:176,26,0,8
BRDA:176,26,1,0
BRDA:177,27,0,6
BRDA:177,27,1,2
BRDA:182,28,0,3
BRDA:182,28,1,3
BRDA:190,29,0,2
BRDA:190,29,1,4
BRDA:197,30,0,4
BRDA:197,30,1,2
BRDA:201,31,0,2
BRDA:201,31,1,2
BRDA:203,32,0,1
BRDA:203,32,1,1
BRDA:216,33,0,2
BRDA:216,33,1,0
BRDA:220,34,0,1
BRDA:220,34,1,1
BRDA:224,35,0,1
BRDA:224,35,1,0
BRDA:245,36,0,1
BRDA:245,36,1,1
BRDA:260,37,0,2
BRDA:260,37,1,0
BRDA:277,38,0,1
BRDA:277,38,1,0
BRDA:287,39,0,8
BRDA:287,39,1,0
BRDA:288,40,0,4
BRDA:288,40,1,4
BRDA:289,41,0,4
BRDA:289,41,1,0
BRDA:294,42,0,2
BRDA:294,42,1,2
BRDA:298,43,0,2
BRDA:298,43,1,0
BRDA:300,44,0,2
BRDA:300,44,1,0
BRDA:304,45,0,2
BRDA:304,45,1,0
BRDA:311,46,0,1
BRDA:311,46,1,0
BRDA:318,47,0,1
BRDA:318,47,1,0
BRDA:325,48,0,1
BRDA:325,48,1,0
BRDA:338,49,0,1
BRDA:338,49,1,0
BRDA:339,50,0,1
BRDA:339,50,1,0
BRDA:345,51,0,1
BRDA:345,51,1,0
BRDA:352,52,0,1
BRDA:352,52,1,0
BRDA:364,53,0,1
BRDA:364,53,1,0
BRDA:368,54,0,1
BRDA:368,54,1,0
BRDA:370,55,0,1
BRDA:370,55,1,0
BRDA:382,56,0,1
BRDA:382,56,1,0
BRF:112
BRH:79
end_of_record
TN:
SF:/home/miao/Downloads/solidity/blockchain-assignment/contracts/MyToken.sol
FN:8,constructor
FN:13,mint
FN:18,burn
FNF:3
FNH:1
FNDA:3,constructor
FNDA:0,mint
FNDA:0,burn
DA:9,3
DA:10,3
DA:14,0
DA:15,0
DA:19,0
LF:5
LH:2
BRDA:14,1,0,0
BRDA:14,1,1,0
BRF:2
BRH:0
end_of_record
